<?xml version="1.0" encoding="UTF-8"?>
<testsuite name="io.service.TransactionServiceTest" tests="1" skipped="0" failures="0" errors="0" timestamp="2026-08-18T18:06:45.052Z" hostname="Puneeths-Mac-mini.local" time="0.834">
  <properties/>
  <testcase name="getTransactions()" classname="io.service.TransactionServiceTest" time="0.294"/>
  <system-out><![CDATA[12:06:45.107 [Test worker] INFO org.springframework.test.context.support.AnnotationConfigContextLoaderUtils -- Could not detect default configuration classes for test class [io.service.TransactionServiceTest]: TransactionServiceTest does not declare any static, non-private, non-final, nested classes annotated with @Configuration.
12:06:45.141 [Test worker] INFO org.springframework.boot.test.context.SpringBootTestContextBootstrapper -- Found @SpringBootConfiguration io.BetterBankingApplication for test class io.service.TransactionServiceTest
12:06:45.171 [Test worker] INFO org.springframework.test.context.support.AnnotationConfigContextLoaderUtils -- Could not detect default configuration classes for test class [io.service.TransactionServiceTest]: TransactionServiceTest does not declare any static, non-private, non-final, nested classes annotated with @Configuration.
12:06:45.172 [Test worker] INFO org.springframework.boot.test.context.SpringBootTestContextBootstrapper -- Found @SpringBootConfiguration io.BetterBankingApplication for test class io.service.TransactionServiceTest

  .   ____          _            __ _ _
 /\\ / ___'_ __ _ _(_)_ __  __ _ \ \ \ \
( ( )\___ | '_ | '_| | '_ \/ _` | \ \ \ \
 \\/  ___)| |_)| | | | | || (_| |  ) ) ) )
  '  |____| .__|_| |_|_| |_\__, | / / / /
 =========|_|==============|___/=/_/_/_/

 :: Spring Boot ::                (v4.1.0)

2026-08-18T12:06:45.271-06:00  INFO 1695 --- [demo] [    Test worker] io.service.TransactionServiceTest        : Starting TransactionServiceTest using Java 17.0.17 with PID 1695 (started by puneethshankar in /Users/puneethshankar/Documents/Coding_Projects/Spring_Boot_Projects/better-banking.io)
2026-08-18T12:06:45.271-06:00  INFO 1695 --- [demo] [    Test worker] io.service.TransactionServiceTest        : No active profile set, falling back to 1 default profile: "default"
2026-08-18T12:06:45.588-06:00  INFO 1695 --- [demo] [    Test worker] io.service.TransactionServiceTest        : Started TransactionServiceTest in 0.392 seconds (process running for 0.832)
]]></system-out>
  <system-err><![CDATA[]]></system-err>
</testsuite>
