<?xml version="1.0" encoding="UTF-8"?>
<testsuite name="io.web.TransactionComponentTest" tests="1" skipped="0" failures="0" errors="0" timestamp="2026-08-18T21:28:46.076Z" hostname="Puneeths-Mac-mini.local" time="0.17">
  <properties/>
  <testcase name="testApplicationEndToEnd()" classname="io.web.TransactionComponentTest" time="0.17"/>
  <system-out><![CDATA[2026-08-18T15:28:46.120-06:00  INFO 17221 --- [demo] [    Test worker] o.s.mock.web.MockServletContext          : Initializing Spring TestDispatcherServlet ''
2026-08-18T15:28:46.121-06:00  INFO 17221 --- [demo] [    Test worker] o.s.t.web.servlet.TestDispatcherServlet  : Initializing Servlet ''
2026-08-18T15:28:46.121-06:00  INFO 17221 --- [demo] [    Test worker] o.s.t.web.servlet.TestDispatcherServlet  : Completed initialization in 0 ms
]]></system-out>
  <system-err><![CDATA[]]></system-err>
</testsuite>
