<?xml version="1.0" encoding="UTF-8"?>
<testsuite name="io.controller.TransactionControllerIntegrationTest" tests="1" skipped="0" failures="0" errors="0" timestamp="2026-08-18T21:28:45.883Z" hostname="Puneeths-Mac-mini.local" time="0.183">
  <properties/>
  <testcase name="testTransactions()" classname="io.controller.TransactionControllerIntegrationTest" time="0.045"/>
  <system-out><![CDATA[
  .   ____          _            __ _ _
 /\\ / ___'_ __ _ _(_)_ __  __ _ \ \ \ \
( ( )\___ | '_ | '_| | '_ \/ _` | \ \ \ \
 \\/  ___)| |_)| | | | | || (_| |  ) ) ) )
  '  |____| .__|_| |_|_| |_\__, | / / / /
 =========|_|==============|___/=/_/_/_/

 :: Spring Boot ::                (v4.1.0)

2026-08-18T15:28:45.899-06:00  INFO 17221 --- [demo] [    Test worker] i.c.TransactionControllerIntegrationTest : Starting TransactionControllerIntegrationTest using Java 17.0.17 with PID 17221 (started by puneethshankar in /Users/puneethshankar/Documents/Coding_Projects/Spring_Boot_Projects/better-banking.io)
2026-08-18T15:28:45.899-06:00  INFO 17221 --- [demo] [    Test worker] i.c.TransactionControllerIntegrationTest : No active profile set, falling back to 1 default profile: "default"
2026-08-18T15:28:46.013-06:00  INFO 17221 --- [demo] [    Test worker] o.s.b.t.m.w.SpringBootMockServletContext : Initializing Spring TestDispatcherServlet ''
2026-08-18T15:28:46.013-06:00  INFO 17221 --- [demo] [    Test worker] o.s.t.web.servlet.TestDispatcherServlet  : Initializing Servlet ''
2026-08-18T15:28:46.014-06:00  INFO 17221 --- [demo] [    Test worker] o.s.t.web.servlet.TestDispatcherServlet  : Completed initialization in 0 ms
2026-08-18T15:28:46.020-06:00  INFO 17221 --- [demo] [    Test worker] i.c.TransactionControllerIntegrationTest : Started TransactionControllerIntegrationTest in 0.13 seconds (process running for 1.424)
]]></system-out>
  <system-err><![CDATA[]]></system-err>
</testsuite>
