<?xml version="1.0" encoding="UTF-8"?>
<testsuite name="io.service.TransactionServiceTest" tests="1" skipped="0" failures="0" errors="0" timestamp="2026-08-18T21:28:46.067Z" hostname="Puneeths-Mac-mini.local" time="0.008">
  <properties/>
  <testcase name="getTransactions()" classname="io.service.TransactionServiceTest" time="0.002"/>
  <system-out><![CDATA[2026-08-18T15:28:46.068-06:00  INFO 17221 --- [demo] [    Test worker] t.c.s.AnnotationConfigContextLoaderUtils : Could not detect default configuration classes for test class [io.service.TransactionServiceTest]: TransactionServiceTest does not declare any static, non-private, non-final, nested classes annotated with @Configuration.
2026-08-18T15:28:46.071-06:00  INFO 17221 --- [demo] [    Test worker] .b.t.c.SpringBootTestContextBootstrapper : Found @SpringBootConfiguration io.BetterBankingApplication for test class io.service.TransactionServiceTest
2026-08-18T15:28:46.072-06:00  INFO 17221 --- [demo] [    Test worker] t.c.s.AnnotationConfigContextLoaderUtils : Could not detect default configuration classes for test class [io.service.TransactionServiceTest]: TransactionServiceTest does not declare any static, non-private, non-final, nested classes annotated with @Configuration.
2026-08-18T15:28:46.072-06:00  INFO 17221 --- [demo] [    Test worker] .b.t.c.SpringBootTestContextBootstrapper : Found @SpringBootConfiguration io.BetterBankingApplication for test class io.service.TransactionServiceTest
]]></system-out>
  <system-err><![CDATA[]]></system-err>
</testsuite>
